{"/Users/seunjay/Desktop/function_tests/functions.js": {"path":"/Users/seunjay/Desktop/function_tests/functions.js","statementMap":{"0":{"start":{"line":1,"column":18},"end":{"line":76,"column":1}},"1":{"start":{"line":4,"column":4},"end":{"line":8,"column":5}},"2":{"start":{"line":5,"column":6},"end":{"line":5,"column":34}},"3":{"start":{"line":6,"column":11},"end":{"line":8,"column":5}},"4":{"start":{"line":7,"column":6},"end":{"line":7,"column":51}},"5":{"start":{"line":10,"column":4},"end":{"line":12,"column":5}},"6":{"start":{"line":11,"column":6},"end":{"line":11,"column":46}},"7":{"start":{"line":13,"column":4},"end":{"line":13,"column":16}},"8":{"start":{"line":17,"column":17},"end":{"line":17,"column":18}},"9":{"start":{"line":19,"column":4},"end":{"line":19,"column":70}},"10":{"start":{"line":19,"column":31},"end":{"line":19,"column":70}},"11":{"start":{"line":21,"column":4},"end":{"line":26,"column":5}},"12":{"start":{"line":22,"column":6},"end":{"line":24,"column":7}},"13":{"start":{"line":23,"column":8},"end":{"line":23,"column":43}},"14":{"start":{"line":25,"column":6},"end":{"line":25,"column":23}},"15":{"start":{"line":27,"column":4},"end":{"line":27,"column":17}},"16":{"start":{"line":31,"column":4},"end":{"line":35,"column":5}},"17":{"start":{"line":32,"column":6},"end":{"line":32,"column":45}},"18":{"start":{"line":33,"column":11},"end":{"line":35,"column":5}},"19":{"start":{"line":34,"column":6},"end":{"line":34,"column":51}},"20":{"start":{"line":37,"column":4},"end":{"line":39,"column":5}},"21":{"start":{"line":38,"column":6},"end":{"line":38,"column":51}},"22":{"start":{"line":41,"column":4},"end":{"line":41,"column":16}},"23":{"start":{"line":45,"column":17},"end":{"line":45,"column":18}},"24":{"start":{"line":47,"column":4},"end":{"line":47,"column":70}},"25":{"start":{"line":47,"column":31},"end":{"line":47,"column":70}},"26":{"start":{"line":49,"column":4},"end":{"line":55,"column":5}},"27":{"start":{"line":51,"column":6},"end":{"line":53,"column":7}},"28":{"start":{"line":52,"column":8},"end":{"line":52,"column":57}},"29":{"start":{"line":54,"column":6},"end":{"line":54,"column":23}},"30":{"start":{"line":56,"column":4},"end":{"line":56,"column":17}},"31":{"start":{"line":61,"column":4},"end":{"line":61,"column":89}},"32":{"start":{"line":61,"column":29},"end":{"line":61,"column":89}},"33":{"start":{"line":62,"column":4},"end":{"line":64,"column":5}},"34":{"start":{"line":63,"column":6},"end":{"line":63,"column":65}},"35":{"start":{"line":65,"column":4},"end":{"line":65,"column":16}},"36":{"start":{"line":69,"column":12},"end":{"line":69,"column":16}},"37":{"start":{"line":70,"column":12},"end":{"line":70,"column":16}},"38":{"start":{"line":71,"column":4},"end":{"line":71,"column":83}},"39":{"start":{"line":71,"column":29},"end":{"line":71,"column":83}},"40":{"start":{"line":72,"column":4},"end":{"line":72,"column":109}},"41":{"start":{"line":72,"column":55},"end":{"line":72,"column":109}},"42":{"start":{"line":74,"column":4},"end":{"line":74,"column":22}},"43":{"start":{"line":78,"column":0},"end":{"line":78,"column":27}}},"fnMap":{"0":{"name":"(anonymous_0)","decl":{"start":{"line":2,"column":7},"end":{"line":2,"column":8}},"loc":{"start":{"line":2,"column":21},"end":{"line":14,"column":3}},"line":2},"1":{"name":"(anonymous_1)","decl":{"start":{"line":16,"column":23},"end":{"line":16,"column":24}},"loc":{"start":{"line":16,"column":40},"end":{"line":28,"column":3}},"line":16},"2":{"name":"(anonymous_2)","decl":{"start":{"line":30,"column":12},"end":{"line":30,"column":13}},"loc":{"start":{"line":30,"column":26},"end":{"line":42,"column":3}},"line":30},"3":{"name":"(anonymous_3)","decl":{"start":{"line":44,"column":28},"end":{"line":44,"column":29}},"loc":{"start":{"line":44,"column":44},"end":{"line":58,"column":3}},"line":44},"4":{"name":"(anonymous_4)","decl":{"start":{"line":60,"column":16},"end":{"line":60,"column":17}},"loc":{"start":{"line":60,"column":30},"end":{"line":66,"column":3}},"line":60},"5":{"name":"(anonymous_5)","decl":{"start":{"line":68,"column":16},"end":{"line":68,"column":17}},"loc":{"start":{"line":68,"column":36},"end":{"line":75,"column":3}},"line":68}},"branchMap":{"0":{"loc":{"start":{"line":4,"column":4},"end":{"line":8,"column":5}},"type":"if","locations":[{"start":{"line":4,"column":4},"end":{"line":8,"column":5}},{"start":{"line":4,"column":4},"end":{"line":8,"column":5}}],"line":4},"1":{"loc":{"start":{"line":6,"column":11},"end":{"line":8,"column":5}},"type":"if","locations":[{"start":{"line":6,"column":11},"end":{"line":8,"column":5}},{"start":{"line":6,"column":11},"end":{"line":8,"column":5}}],"line":6},"2":{"loc":{"start":{"line":10,"column":4},"end":{"line":12,"column":5}},"type":"if","locations":[{"start":{"line":10,"column":4},"end":{"line":12,"column":5}},{"start":{"line":10,"column":4},"end":{"line":12,"column":5}}],"line":10},"3":{"loc":{"start":{"line":10,"column":7},"end":{"line":10,"column":53}},"type":"binary-expr","locations":[{"start":{"line":10,"column":7},"end":{"line":10,"column":28}},{"start":{"line":10,"column":32},"end":{"line":10,"column":53}}],"line":10},"4":{"loc":{"start":{"line":19,"column":4},"end":{"line":19,"column":70}},"type":"if","locations":[{"start":{"line":19,"column":4},"end":{"line":19,"column":70}},{"start":{"line":19,"column":4},"end":{"line":19,"column":70}}],"line":19},"5":{"loc":{"start":{"line":22,"column":6},"end":{"line":24,"column":7}},"type":"if","locations":[{"start":{"line":22,"column":6},"end":{"line":24,"column":7}},{"start":{"line":22,"column":6},"end":{"line":24,"column":7}}],"line":22},"6":{"loc":{"start":{"line":31,"column":4},"end":{"line":35,"column":5}},"type":"if","locations":[{"start":{"line":31,"column":4},"end":{"line":35,"column":5}},{"start":{"line":31,"column":4},"end":{"line":35,"column":5}}],"line":31},"7":{"loc":{"start":{"line":33,"column":11},"end":{"line":35,"column":5}},"type":"if","locations":[{"start":{"line":33,"column":11},"end":{"line":35,"column":5}},{"start":{"line":33,"column":11},"end":{"line":35,"column":5}}],"line":33},"8":{"loc":{"start":{"line":37,"column":4},"end":{"line":39,"column":5}},"type":"if","locations":[{"start":{"line":37,"column":4},"end":{"line":39,"column":5}},{"start":{"line":37,"column":4},"end":{"line":39,"column":5}}],"line":37},"9":{"loc":{"start":{"line":37,"column":7},"end":{"line":37,"column":53}},"type":"binary-expr","locations":[{"start":{"line":37,"column":7},"end":{"line":37,"column":28}},{"start":{"line":37,"column":32},"end":{"line":37,"column":53}}],"line":37},"10":{"loc":{"start":{"line":47,"column":4},"end":{"line":47,"column":70}},"type":"if","locations":[{"start":{"line":47,"column":4},"end":{"line":47,"column":70}},{"start":{"line":47,"column":4},"end":{"line":47,"column":70}}],"line":47},"11":{"loc":{"start":{"line":51,"column":6},"end":{"line":53,"column":7}},"type":"if","locations":[{"start":{"line":51,"column":6},"end":{"line":53,"column":7}},{"start":{"line":51,"column":6},"end":{"line":53,"column":7}}],"line":51},"12":{"loc":{"start":{"line":61,"column":4},"end":{"line":61,"column":89}},"type":"if","locations":[{"start":{"line":61,"column":4},"end":{"line":61,"column":89}},{"start":{"line":61,"column":4},"end":{"line":61,"column":89}}],"line":61},"13":{"loc":{"start":{"line":62,"column":4},"end":{"line":64,"column":5}},"type":"if","locations":[{"start":{"line":62,"column":4},"end":{"line":64,"column":5}},{"start":{"line":62,"column":4},"end":{"line":64,"column":5}}],"line":62},"14":{"loc":{"start":{"line":62,"column":7},"end":{"line":62,"column":53}},"type":"binary-expr","locations":[{"start":{"line":62,"column":7},"end":{"line":62,"column":28}},{"start":{"line":62,"column":32},"end":{"line":62,"column":53}}],"line":62},"15":{"loc":{"start":{"line":71,"column":4},"end":{"line":71,"column":83}},"type":"if","locations":[{"start":{"line":71,"column":4},"end":{"line":71,"column":83}},{"start":{"line":71,"column":4},"end":{"line":71,"column":83}}],"line":71},"16":{"loc":{"start":{"line":72,"column":4},"end":{"line":72,"column":109}},"type":"if","locations":[{"start":{"line":72,"column":4},"end":{"line":72,"column":109}},{"start":{"line":72,"column":4},"end":{"line":72,"column":109}}],"line":72},"17":{"loc":{"start":{"line":72,"column":7},"end":{"line":72,"column":53}},"type":"binary-expr","locations":[{"start":{"line":72,"column":7},"end":{"line":72,"column":28}},{"start":{"line":72,"column":32},"end":{"line":72,"column":53}}],"line":72}},"s":{"0":1,"1":5,"2":1,"3":4,"4":1,"5":3,"6":1,"7":2,"8":5,"9":5,"10":1,"11":4,"12":13,"13":1,"14":12,"15":3,"16":6,"17":1,"18":5,"19":2,"20":3,"21":0,"22":3,"23":4,"24":4,"25":2,"26":2,"27":6,"28":1,"29":5,"30":1,"31":5,"32":2,"33":3,"34":0,"35":3,"36":4,"37":4,"38":4,"39":1,"40":3,"41":2,"42":1,"43":1},"f":{"0":5,"1":5,"2":6,"3":4,"4":5,"5":4},"b":{"0":[1,4],"1":[1,3],"2":[1,2],"3":[3,2],"4":[1,4],"5":[1,12],"6":[1,5],"7":[2,3],"8":[0,3],"9":[3,3],"10":[2,2],"11":[1,5],"12":[2,3],"13":[0,3],"14":[3,3],"15":[1,3],"16":[2,1],"17":[3,2]},"_coverageSchema":"43e27e138ebf9cfc5966b082cf9a028302ed4184","hash":"bd949b391dbc19a20726fdd49b4bf4753aeccc8f"}
}
