TN:
SF:/Users/seunjay/Desktop/function_tests/functions.js
FN:2,(anonymous_0)
FN:16,(anonymous_1)
FN:30,(anonymous_2)
FN:44,(anonymous_3)
FN:60,(anonymous_4)
FN:68,(anonymous_5)
FNF:6
FNH:6
FNDA:5,(anonymous_0)
FNDA:5,(anonymous_1)
FNDA:6,(anonymous_2)
FNDA:4,(anonymous_3)
FNDA:5,(anonymous_4)
FNDA:4,(anonymous_5)
DA:1,1
DA:4,5
DA:5,1
DA:6,4
DA:7,1
DA:10,3
DA:11,1
DA:13,2
DA:17,5
DA:19,5
DA:21,4
DA:22,13
DA:23,1
DA:25,12
DA:27,3
DA:31,6
DA:32,1
DA:33,5
DA:34,2
DA:37,3
DA:38,0
DA:41,3
DA:45,4
DA:47,4
DA:49,2
DA:51,6
DA:52,1
DA:54,5
DA:56,1
DA:61,5
DA:62,3
DA:63,0
DA:65,3
DA:69,4
DA:70,4
DA:71,4
DA:72,3
DA:74,1
DA:78,1
LF:39
LH:37
BRDA:4,0,0,1
BRDA:4,0,1,4
BRDA:6,1,0,1
BRDA:6,1,1,3
BRDA:10,2,0,1
BRDA:10,2,1,2
BRDA:10,3,0,3
BRDA:10,3,1,2
BRDA:19,4,0,1
BRDA:19,4,1,4
BRDA:22,5,0,1
BRDA:22,5,1,12
BRDA:31,6,0,1
BRDA:31,6,1,5
BRDA:33,7,0,2
BRDA:33,7,1,3
BRDA:37,8,0,0
BRDA:37,8,1,3
BRDA:37,9,0,3
BRDA:37,9,1,3
BRDA:47,10,0,2
BRDA:47,10,1,2
BRDA:51,11,0,1
BRDA:51,11,1,5
BRDA:61,12,0,2
BRDA:61,12,1,3
BRDA:62,13,0,0
BRDA:62,13,1,3
BRDA:62,14,0,3
BRDA:62,14,1,3
BRDA:71,15,0,1
BRDA:71,15,1,3
BRDA:72,16,0,2
BRDA:72,16,1,1
BRDA:72,17,0,3
BRDA:72,17,1,2
BRF:36
BRH:34
end_of_record
